;;;;;;
;;;;;;
;SS;;;;;
1,;1261.05;1217.39;1388.38;1226.85;1205.57;1035.55
2,;1259.84;1217.23;1387.9;1226.94;1205.8;1035.6
3,;1259.6;1217.28;1387.25;1226.71;1205.72;1035.6
4,;1259.69;1217.65;1386.86;1226.71;1205.63;1035.57
5,;1259.65;1217.8;1386.67;1226.67;1205.48;1035.65
6,;1259.71;1217.08;1386.5;1226.57;1205.24;1035.39
7,;1259.62;1217.89;1386.18;1226.37;1205.41;1035.46
8,;1259.28;1217.5;1385.82;1226.35;1205.09;1035.34
9,;1259.16;1216.8;1385.5;1226.02;1204.8;1035.15
10,;1258.98;1217.44;1385.22;1225.93;1204.63;1035.08
;1259.658;1217.406;1386.628;1226.512;1205.337;1035.439
;;;;;;
;;;;;;
1,;406.161;418.38;450.574;410.594;429.626;373.511
2,;407.508;418.641;451.247;410.682;430.511;374.72
3,;407.367;418.332;451.15;410.101;430.189;374.297
4,;406.091;417.652;449.929;409.185;429.128;373.091
5,;403.936;417.055;449.028;408.324;428.251;371.942
6,;401.705;416.05;447.435;406.78;426.718;369.925
7,;400.445;415.325;446.484;405.817;425.69;368.804
8,;399.484;414.567;445.589;405.135;424.894;367.961
9,;398.374;414.005;444.614;404.177;423.918;367.043
10,;397.843;413.473;443.946;403.336;423.347;366.204
11,;616.346;755.25;830.417;768.192;843.517;700.153
12,;734.035;903.307;999.704;927.01;981.841;773.993
13,;754.853;973.405;1100.43;1019.74;1047.05;780.619
14,;755.798;1014.23;1160.97;1074.01;1075.82;786.254
15,;756.192;1044.18;1192.92;1104.31;1079.85;788.676
16,;757.191;1076.66;1212.09;1122.72;1071.98;786.615
17,;759.501;1102.07;1225.31;1135.14;1067.38;786.659
18,;761.344;1120.92;1234.16;1143.98;1067.45;788.027
19,;764.571;1134.92;1241.29;1150.91;1067;788.012
20,;766.922;1141.22;1254.15;1156.8;1072.13;788.649
21,;765.958;1145.51;1281.28;1166.88;1077.07;789.497
22,;762.861;1160.28;1306.27;1178.29;1069.91;790.195
23,;760.439;1187.58;1322.02;1186.9;1066.95;790.859
24,;762.2;1207.16;1332.87;1193.96;1066.87;790.253
25,;763.867;1216.91;1340.31;1200.04;1026.47;797.84
26,;763.228;1213.37;1347.53;1206.88;945.72;831.953
27,;763.416;1188.16;1351.51;1209.77;913.571;837.609
28,;760.401;1161.46;1355.17;1211.41;900.091;837.716
29,;755.235;1139.42;1358.36;1209.65;894.411;838.445
30,;752.468;1117.69;1359.79;1211.54;887.752;844.059
31,;745.366;1091.29;1301.23;1213.06;915.588;843.937
32,;740.892;1058.5;1087.97;1208.77;941.908;844.497
33,;739.942;1028.39;1018.01;1204.3;956.835;847.239
34,;740.271;981;1022.29;1201.17;969.238;852.149
35,;742.103;897.504;1060.01;1198.61;978.745;856.938
36,;743.73;867.42;1081.91;1197.8;986.048;860.081
37,;743.937;855.409;1090.47;1198.76;991.173;862.352
38,;745.89;853.422;1093.29;1201.39;997.623;866.122
39,;748.057;853.867;1093.07;1204.52;1001.74;865.704
40,;747.835;858.05;1092.21;1206.79;1003.76;865.108
41,;751.089;862.624;1093.45;1208.19;1006.5;866.012
42,;765.749;866.464;1095.78;1210.01;1008.39;866.757
43,;771.536;869.628;1098.55;1211.73;1010.54;868.234
44,;772.278;872.127;1102.39;1212.72;1009.92;867.141
45,;771.066;871.052;1104.93;1212.45;1007.86;864.89
46,;770.419;871.968;1107.76;1213.08;1008.45;864.69
47,;772.196;872.144;1109.69;1213.26;1007.04;862.791
48,;774.33;870.961;1109.61;1213.33;1004.3;862.116
49,;775.249;870.379;1109.63;1213.72;1005.67;864.405
50,;774.138;873.295;1109.76;1214.3;1005.6;864.246
51,;775.131;885.318;1110.18;1214.54;1004.91;863.537
52,;782.032;903.119;1112.94;1214.48;1004.77;862.986
53,;808.084;931.088;1120.6;1215;1004.42;863.164
54,;828.558;946.624;1126.51;1215.1;1001.91;861.228
55,;836.702;950.415;1130.46;1214.71;999.035;859.19
56,;842.317;954.937;1135.44;1214.67;996.32;859.048
57,;847.567;957.974;1139.34;1214.63;995.116;859.441
58,;852.928;960.846;1143.46;1215.05;995.265;860.093
59,;857.197;963.431;1147.69;1215.01;996.532;861.897
60,;860.698;966.186;1150.57;1215.04;996.848;862.13
61,;862.059;967.128;1151.76;1214.91;995.935;861.324
62,;862.029;965.264;1151.44;1215.11;994.984;860.541
63,;863.745;966.694;1154.17;1216.16;997.027;861.889
64,;865.858;968.988;1156.02;1215.72;996.107;860.211
65,;866.794;970.539;1157.45;1215.45;994.624;860.033
66,;865.996;969.8;1157.43;1215.61;995.456;861.302
67,;865.797;968.925;1158.23;1215.81;996.53;862.902
68,;866.471;968.288;1159.07;1216.1;997.483;863.356
69,;866.256;968.339;1159.94;1216.73;997.133;862.922
70,;866.314;971.018;1162.58;1217.43;999.21;864.392
71,;865.023;973.805;1165.19;1218.07;999.869;864.415
72,;865.52;978.32;1168.66;1218.46;1000.43;864.088
73,;866.289;979.821;1170.98;1218.64;999.3;863.671
74,;864.162;976.154;1168.64;1217.39;996.724;863.376
75,;863.826;974.781;1167.52;1216.67;996.555;862.666
76,;863.298;973.986;1167.32;1216.73;997.283;862.571
77,;863.711;972.857;1166.74;1216.48;996.023;861.71
78,;862.731;969.47;1163.51;1215.67;992.122;859.623
79,;861.555;966.48;1161.27;1215.3;988.524;858.491
80,;859.426;963.182;1159.39;1214.94;987.356;858.843
81,;860.449;963.106;1159.61;1215.13;986.071;858.108
82,;859.32;961.571;1159.14;1215.1;984.685;856.203
83,;858.225;959.921;1158.81;1214.87;984.167;855.964
84,;857.838;957.608;1158.07;1215.32;984.503;856.306
85,;859.507;958.619;1158.75;1215.92;985.48;857.406
86,;862.766;961.67;1160.93;1216.67;987.349;859.287
87,;864.275;963.187;1162.29;1216.93;988.163;859.779
88,;863.27;963.748;1163.44;1216.91;989.206;858.716
89,;863.709;964.586;1163.03;1216.05;985.97;856.869
90,;865.19;964.832;1163.08;1216.1;985.3;856.975
91,;866.841;966.569;1164.2;1216.17;985.83;856.571
92,;868.283;968.395;1165.43;1216.34;986.007;856.577
93,;867.648;967.938;1164.27;1216.56;986.672;857.096
94,;868.324;969.186;1165.34;1217.4;990.055;859.547
95,;869.908;971.321;1167.73;1218.61;992.909;859.567
96,;869.939;972.897;1169.01;1218.45;991.858;857.091
97,;869.101;973.583;1169.19;1218.58;991.587;856.967
98,;869.032;974.766;1170.91;1218.82;990.642;856.43
99,;868.9;975.388;1171.86;1219.42;989.163;854.96
100,;871.502;977.801;1172.63;1219.65;989.324;855.191
101,;872.633;978.111;1172.91;1219.25;989.071;855.306
102,;871.997;977.013;1172.64;1219.45;989.308;854.854
103,;870.991;976.768;1172.5;1219.38;990.945;855.385
104,;870.759;976.001;1172.11;1219.17;989.493;853.444
105,;872.635;976.871;1172.73;1219.14;989.556;852.718
106,;875.102;979.718;1174.06;1220.11;991.592;854.089
107,;876.681;982.566;1175.88;1220.62;992.328;853.746
108,;877.281;983.209;1176.2;1220.58;992.43;852.761
109,;876.268;982.97;1175.87;1220.39;992.051;851.699
110,;877.129;985.599;1178.67;1221.31;995.39;853.926
111,;877.717;986.056;1180.23;1221.27;995.019;853.346
112,;878.738;987.794;1182.76;1222.4;998.283;856.009
113,;880.459;991.661;1186.67;1223.19;1001.3;856.915
114,;882.007;993.26;1187.83;1223.22;999.997;855.343
115,;882.942;994.72;1189.33;1223.84;1001.82;856.667
116,;882.854;996.376;1190.52;1223.74;1001.97;855.388
117,;883.4;999.437;1192.77;1224.29;1004.38;857.589
118,;884.859;1000.08;1192.76;1224.41;1004.08;855.839
119,;885.345;998.876;1192.48;1224.6;1004.28;856.162
120,;887.362;999.546;1193.52;1224.68;1004.1;854.785
121,;889.674;1002.02;1196.12;1225.18;1004.22;854.479
122,;891.557;1005.26;1198.42;1225.64;1003.16;854.175
123,;891.587;1008.14;1200.95;1226.47;1006.66;858.635
124,;891.107;1008.99;1202.41;1227.5;1009.82;858.496
125,;891.522;1008.13;1201.12;1226.84;1005.74;853.167
126,;891.336;1007.11;1198.92;1226.2;1003.08;853.005
127,;892.397;1006.6;1198.5;1226.06;1003.55;853.692
128,;894.677;1010.01;1201.53;1226.12;1006.15;854.806
129,;897.679;1015.63;1205.9;1226.83;1009.71;857.199
130,;899.709;1019.57;1207.58;1227.35;1009.39;855.72
131,;899.775;1017.51;1205.9;1226.7;1004.01;851.466
132,;898.957;1015.43;1204.36;1226.45;1002.72;851.013
133,;898.826;1015.32;1205.26;1226.86;1005.49;854.109
134,;899.812;1017.61;1207.68;1227.54;1008.32;855.15
135,;900.466;1019.84;1209.94;1227.67;1007.79;854.331
136,;901.695;1020.72;1211.29;1227.56;1009.94;855.362
137,;905.585;1023.36;1213.4;1228.87;1013.39;856.871
138,;906.601;1023.56;1214.02;1228.92;1012.44;855.193
139,;906.75;1022.18;1213.77;1228.82;1010.97;855.545
140,;908.316;1023.64;1215.52;1229.55;1013.9;857.657
141,;909.9;1026.06;1217.28;1230.02;1014.12;855.805
142,;911.642;1026.75;1217.95;1229.77;1012.28;854.083
143,;913.74;1028.69;1219.56;1229.79;1011.75;852.899
144,;915.872;1031.42;1221.95;1230.16;1012.08;853.02
145,;917.903;1033.31;1223.22;1230.46;1012.06;853.34
1,;;;;;;
2,;;;;;;
3,;;;;;;
4,;;;;;;
5,;;;;;;
6,;;;;;;
7,;;;;;;
8,;;;;;;
9,;;;;;;
10,;;;;;;
11,;;;;;;
12,;;;;;;
13,;;;;;;
14,;;;;;;
15,;;;;;;
16,;;;;;;
17,;;;;;;
18,;;;;;;
19,;;;;;;
20,;;;;;;
21,;;;;;;
22,;;;;;;
23,;;;;;;
24,;;;;;;
25,;;;;;;
26,;;;;;;
27,;;;;;;
28,;;;;;;
29,;;;;;;
30,;;;;;;
31,;;;;;;
32,;;;;;;
33,;;;;;;
34,;;;;;;
35,;;;;;;
36,;;;;;;
37,;;;;;;
38,;;;;;;
39,;;;;;;
40,;;;;;;
41,;;;;;;
42,;;;;;;
43,;;;;;;
44,;;;;;;
45,;;;;;;
46,;;;;;;
47,;;;;;;
48,;;;;;;
49,;;;;;;
50,;;;;;;
51,;;;;;;
52,;;;;;;
53,;;;;;;
54,;;;;;;
55,;;;;;;
56,;;;;;;
57,;;;;;;
58,;;;;;;
59,;;;;;;
60,;;;;;;
61,;;;;;;
62,;;;;;;
63,;;;;;;
64,;;;;;;
65,;;;;;;
66,;;;;;;
67,;;;;;;
68,;;;;;;
69,;;;;;;
70,;;;;;;
71,;;;;;;
72,;;;;;;
73,;;;;;;
74,;;;;;;
75,;;;;;;
76,;;;;;;
77,;;;;;;
78,;;;;;;
79,;;;;;;
80,;;;;;;
81,;;;;;;
82,;;;;;;
83,;;;;;;
84,;;;;;;
85,;;;;;;
86,;;;;;;
87,;;;;;;
88,;;;;;;
89,;;;;;;
90,;;;;;;
91,;;;;;;
92,;;;;;;
93,;;;;;;
94,;;;;;;
95,;;;;;;
96,;;;;;;
97,;;;;;;
98,;;;;;;
99,;;;;;;
100,;;;;;;
101,;;;;;;
102,;;;;;;
103,;;;;;;
104,;;;;;;
105,;;;;;;
106,;;;;;;
107,;;;;;;
108,;;;;;;
109,;;;;;;
110,;;;;;;
111,;;;;;;
112,;;;;;;
113,;;;;;;
114,;;;;;;
115,;;;;;;
116,;;;;;;
117,;;;;;;
118,;;;;;;
119,;;;;;;
120,;;;;;;
121,;;;;;;
122,;;;;;;
123,;;;;;;
124,;;;;;;
125,;;;;;;
126,;;;;;;
127,;;;;;;
128,;;;;;;
129,;;;;;;
130,;;;;;;
131,;;;;;;
132,;;;;;;
133,;;;;;;
134,;;;;;;
135,;;;;;;
136,;;;;;;
137,;;;;;;
138,;;;;;;
139,;;;;;;
140,;;;;;;
141,;;;;;;
142,;;;;;;
143,;;;;;;
144,;;;;;;
145,;;;;;;
1,;;;;;;
2,;;;;;;
3,;;;;;;
4,;;;;;;
5,;;;;;;
6,;;;;;;
7,;;;;;;
8,;;;;;;
9,;;;;;;
10,;;;;;;
11,;;;;;;
12,;;;;;;
13,;;;;;;
14,;;;;;;
15,;;;;;;
16,;;;;;;
17,;;;;;;
18,;;;;;;
19,;;;;;;
20,;;;;;;
21,;;;;;;
22,;;;;;;
23,;;;;;;
24,;;;;;;
25,;;;;;;
26,;;;;;;
27,;;;;;;
28,;;;;;;
29,;;;;;;
30,;;;;;;
31,;;;;;;
32,;;;;;;
33,;;;;;;
34,;;;;;;
35,;;;;;;
36,;;;;;;
37,;;;;;;
38,;;;;;;
39,;;;;;;
40,;;;;;;
41,;;;;;;
42,;;;;;;
43,;;;;;;
44,;;;;;;
45,;;;;;;
46,;;;;;;
47,;;;;;;
48,;;;;;;
49,;;;;;;
50,;;;;;;
51,;;;;;;
52,;;;;;;
53,;;;;;;
54,;;;;;;
55,;;;;;;
56,;;;;;;
57,;;;;;;
58,;;;;;;
59,;;;;;;
60,;;;;;;
61,;;;;;;
62,;;;;;;
63,;;;;;;
64,;;;;;;
65,;;;;;;
66,;;;;;;
67,;;;;;;
68,;;;;;;
69,;;;;;;
70,;;;;;;
71,;;;;;;
72,;;;;;;
73,;;;;;;
74,;;;;;;
75,;;;;;;
76,;;;;;;
77,;;;;;;
78,;;;;;;
79,;;;;;;
80,;;;;;;
81,;;;;;;
82,;;;;;;
83,;;;;;;
84,;;;;;;
85,;;;;;;
86,;;;;;;
87,;;;;;;
88,;;;;;;
89,;;;;;;
90,;;;;;;
91,;;;;;;
92,;;;;;;
93,;;;;;;
94,;;;;;;
95,;;;;;;
96,;;;;;;
97,;;;;;;
98,;;;;;;
99,;;;;;;
100,;;;;;;
101,;;;;;;
102,;;;;;;
103,;;;;;;
104,;;;;;;
105,;;;;;;
106,;;;;;;
107,;;;;;;
108,;;;;;;
109,;;;;;;
110,;;;;;;
111,;;;;;;
112,;;;;;;
113,;;;;;;
114,;;;;;;
115,;;;;;;
116,;;;;;;
117,;;;;;;
118,;;;;;;
119,;;;;;;
120,;;;;;;
121,;;;;;;
122,;;;;;;
123,;;;;;;
124,;;;;;;
125,;;;;;;
126,;;;;;;
127,;;;;;;
128,;;;;;;
129,;;;;;;
130,;;;;;;
131,;;;;;;
132,;;;;;;
133,;;;;;;
134,;;;;;;
135,;;;;;;
136,;;;;;;
137,;;;;;;
138,;;;;;;
139,;;;;;;
140,;;;;;;
141,;;;;;;
142,;;;;;;
143,;;;;;;
144,;;;;;;
145,;;;;;;
1,;;;;;;
2,;;;;;;
3,;;;;;;
4,;;;;;;
5,;;;;;;
6,;;;;;;
7,;;;;;;
8,;;;;;;
9,;;;;;;
10,;;;;;;
11,;;;;;;
12,;;;;;;
13,;;;;;;
14,;;;;;;
15,;;;;;;
16,;;;;;;
17,;;;;;;
18,;;;;;;
19,;;;;;;
20,;;;;;;
21,;;;;;;
22,;;;;;;
23,;;;;;;
24,;;;;;;
25,;;;;;;
26,;;;;;;
27,;;;;;;
28,;;;;;;
29,;;;;;;
30,;;;;;;
31,;;;;;;
32,;;;;;;
33,;;;;;;
34,;;;;;;
35,;;;;;;
36,;;;;;;
37,;;;;;;
38,;;;;;;
39,;;;;;;
40,;;;;;;
41,;;;;;;
42,;;;;;;
43,;;;;;;
44,;;;;;;
45,;;;;;;
46,;;;;;;
47,;;;;;;
48,;;;;;;
49,;;;;;;
50,;;;;;;
51,;;;;;;
52,;;;;;;
53,;;;;;;
54,;;;;;;
55,;;;;;;
56,;;;;;;
57,;;;;;;
58,;;;;;;
59,;;;;;;
60,;;;;;;
61,;;;;;;
62,;;;;;;
63,;;;;;;
64,;;;;;;
65,;;;;;;
66,;;;;;;
67,;;;;;;
68,;;;;;;
69,;;;;;;
70,;;;;;;
71,;;;;;;
72,;;;;;;
73,;;;;;;
74,;;;;;;
75,;;;;;;
76,;;;;;;
77,;;;;;;
78,;;;;;;
79,;;;;;;
80,;;;;;;
81,;;;;;;
82,;;;;;;
83,;;;;;;
84,;;;;;;
85,;;;;;;
86,;;;;;;
87,;;;;;;
88,;;;;;;
89,;;;;;;
90,;;;;;;
91,;;;;;;
92,;;;;;;
93,;;;;;;
94,;;;;;;
95,;;;;;;
96,;;;;;;
97,;;;;;;
98,;;;;;;
99,;;;;;;
100,;;;;;;
101,;;;;;;
102,;;;;;;
103,;;;;;;
104,;;;;;;
105,;;;;;;
106,;;;;;;
107,;;;;;;
108,;;;;;;
109,;;;;;;
110,;;;;;;
111,;;;;;;
112,;;;;;;
113,;;;;;;
114,;;;;;;
115,;;;;;;
116,;;;;;;
117,;;;;;;
118,;;;;;;
119,;;;;;;
120,;;;;;;
121,;;;;;;
122,;;;;;;
123,;;;;;;
124,;;;;;;
125,;;;;;;
126,;;;;;;
127,;;;;;;
128,;;;;;;
129,;;;;;;
130,;;;;;;
131,;;;;;;
132,;;;;;;
133,;;;;;;
134,;;;;;;
135,;;;;;;
136,;;;;;;
137,;;;;;;
138,;;;;;;
139,;;;;;;
140,;;;;;;
141,;;;;;;
142,;;;;;;
143,;;;;;;
144,;;;;;;
145,;;;;;;
1,;;;;;;
2,;;;;;;
3,;;;;;;
4,;;;;;;
5,;;;;;;
6,;;;;;;
7,;;;;;;
8,;;;;;;
9,;;;;;;
10,;;;;;;
11,;;;;;;
12,;;;;;;
13,;;;;;;
14,;;;;;;
15,;;;;;;
16,;;;;;;
17,;;;;;;
18,;;;;;;
19,;;;;;;
20,;;;;;;
21,;;;;;;
22,;;;;;;
23,;;;;;;
24,;;;;;;
25,;;;;;;
26,;;;;;;
27,;;;;;;
28,;;;;;;
29,;;;;;;
30,;;;;;;
31,;;;;;;
32,;;;;;;
33,;;;;;;
34,;;;;;;
35,;;;;;;
36,;;;;;;
37,;;;;;;
38,;;;;;;
39,;;;;;;
40,;;;;;;
41,;;;;;;
42,;;;;;;
43,;;;;;;
44,;;;;;;
45,;;;;;;
46,;;;;;;
47,;;;;;;
48,;;;;;;
49,;;;;;;
50,;;;;;;
51,;;;;;;
52,;;;;;;
53,;;;;;;
54,;;;;;;
55,;;;;;;
56,;;;;;;
57,;;;;;;
58,;;;;;;
59,;;;;;;
60,;;;;;;
61,;;;;;;
62,;;;;;;
63,;;;;;;
64,;;;;;;
65,;;;;;;
66,;;;;;;
67,;;;;;;
68,;;;;;;
69,;;;;;;
70,;;;;;;
71,;;;;;;
72,;;;;;;
73,;;;;;;
74,;;;;;;
75,;;;;;;
76,;;;;;;
77,;;;;;;
78,;;;;;;
79,;;;;;;
80,;;;;;;
81,;;;;;;
82,;;;;;;
83,;;;;;;
84,;;;;;;
85,;;;;;;
86,;;;;;;
87,;;;;;;
88,;;;;;;
89,;;;;;;
90,;;;;;;
91,;;;;;;
92,;;;;;;
93,;;;;;;
94,;;;;;;
95,;;;;;;
96,;;;;;;
97,;;;;;;
98,;;;;;;
99,;;;;;;
100,;;;;;;
101,;;;;;;
102,;;;;;;
103,;;;;;;
104,;;;;;;
105,;;;;;;
106,;;;;;;
107,;;;;;;
108,;;;;;;
109,;;;;;;
110,;;;;;;
111,;;;;;;
112,;;;;;;
113,;;;;;;
114,;;;;;;
115,;;;;;;
116,;;;;;;
117,;;;;;;
118,;;;;;;
119,;;;;;;
120,;;;;;;
121,;;;;;;
122,;;;;;;
123,;;;;;;
124,;;;;;;
125,;;;;;;
126,;;;;;;
127,;;;;;;
128,;;;;;;
129,;;;;;;
130,;;;;;;
131,;;;;;;
132,;;;;;;
133,;;;;;;
134,;;;;;;
135,;;;;;;
136,;;;;;;
137,;;;;;;
138,;;;;;;
139,;;;;;;
140,;;;;;;
141,;;;;;;
142,;;;;;;
143,;;;;;;
144,;;;;;;
145,;;;;;;
1,;;;;;;
2,;;;;;;
3,;;;;;;
4,;;;;;;
5,;;;;;;
6,;;;;;;
7,;;;;;;
8,;;;;;;
9,;;;;;;
10,;;;;;;
11,;;;;;;
12,;;;;;;
13,;;;;;;
14,;;;;;;
15,;;;;;;
16,;;;;;;
17,;;;;;;
18,;;;;;;
19,;;;;;;
20,;;;;;;
21,;;;;;;
22,;;;;;;
23,;;;;;;
24,;;;;;;
25,;;;;;;
26,;;;;;;
27,;;;;;;
28,;;;;;;
29,;;;;;;
30,;;;;;;
31,;;;;;;
32,;;;;;;
33,;;;;;;
34,;;;;;;
35,;;;;;;
36,;;;;;;
37,;;;;;;
38,;;;;;;
39,;;;;;;
40,;;;;;;
41,;;;;;;
42,;;;;;;
43,;;;;;;
44,;;;;;;
45,;;;;;;
46,;;;;;;
47,;;;;;;
48,;;;;;;
49,;;;;;;
50,;;;;;;
51,;;;;;;
52,;;;;;;
53,;;;;;;
54,;;;;;;
55,;;;;;;
56,;;;;;;
57,;;;;;;
58,;;;;;;
59,;;;;;;
60,;;;;;;
61,;;;;;;
62,;;;;;;
63,;;;;;;
64,;;;;;;
65,;;;;;;
66,;;;;;;
67,;;;;;;
68,;;;;;;
69,;;;;;;
70,;;;;;;
71,;;;;;;
72,;;;;;;
73,;;;;;;
74,;;;;;;
75,;;;;;;
76,;;;;;;
77,;;;;;;
78,;;;;;;
79,;;;;;;
80,;;;;;;
81,;;;;;;
82,;;;;;;
83,;;;;;;
84,;;;;;;
85,;;;;;;
86,;;;;;;
87,;;;;;;
88,;;;;;;
89,;;;;;;
90,;;;;;;
91,;;;;;;
92,;;;;;;
93,;;;;;;
94,;;;;;;
95,;;;;;;
96,;;;;;;
97,;;;;;;
98,;;;;;;
99,;;;;;;
100,;;;;;;
101,;;;;;;
102,;;;;;;
103,;;;;;;
104,;;;;;;
105,;;;;;;
106,;;;;;;
107,;;;;;;
108,;;;;;;
109,;;;;;;
110,;;;;;;
111,;;;;;;
112,;;;;;;
113,;;;;;;
114,;;;;;;
115,;;;;;;
116,;;;;;;
117,;;;;;;
118,;;;;;;
119,;;;;;;
120,;;;;;;
121,;;;;;;
122,;;;;;;
123,;;;;;;
124,;;;;;;
125,;;;;;;
126,;;;;;;
127,;;;;;;
128,;;;;;;
129,;;;;;;
130,;;;;;;
131,;;;;;;
132,;;;;;;
133,;;;;;;
134,;;;;;;
135,;;;;;;
136,;;;;;;
137,;;;;;;
138,;;;;;;
139,;;;;;;
140,;;;;;;
141,;;;;;;
142,;;;;;;
143,;;;;;;
144,;;;;;;
145,;;;;;;
