Calibrations:
"X:", 2, "Y:", 2, "Units:", "pixel", "Gray Units:", ""
"Image Plane", "Average Intensity"
1, 400.627
2, 397.77
3, 396.66
4, 395.971
5, 397.809
6, 393.385
7, 392.918
8, 391.649
9, 390.924
10, 390.472
11, 390.196
12, 652.854
13, 762.165
14, 781.948
15, 788.975
16, 792.873
17, 794.746
18, 796.998
19, 796.498
20, 796.071
21, 794.647
22, 795.742
23, 796.458
24, 796.738
25, 797.104
26, 797.582
27, 798.554
28, 799.848
29, 801.86
30, 802.322
31, 802.471
32, 802.642
33, 804.78
34, 807.195
35, 809.975
36, 814.01
37, 823.53
38, 848.202
39, 863.966
40, 872.333
41, 875.695
42, 877.261
43, 880.268
44, 883.231
45, 888.486
46, 894.49
47, 902.05
48, 909.953
49, 913.073
50, 912.52
51, 911.124
52, 914.827
53, 949.139
54, 993.257
55, 1023.87
56, 1040.6
57, 1049.2
58, 1054.55
59, 1057.51
60, 1056.59
61, 1055.52
62, 1056.96
63, 1058.02
64, 1057.74
65, 1058.47
66, 1061.21
67, 1061.74
68, 1061.1
69, 1061.51
70, 1063.5
71, 1064.61
72, 1066.13
73, 1067.68
74, 1067.21
75, 1067.32
76, 1068.29
77, 1069.6
78, 1071.48
79, 1073.24
80, 1075.65
81, 1078.42
82, 1080.25
83, 1082.81
84, 1085.21
85, 1087.66
86, 1089.76
87, 1090.94
88, 1091.12
89, 1090.7
90, 1090.8
91, 1091.58
92, 1093.4
93, 1094.95
94, 1095.48
95, 1095.03
96, 1095.58
97, 1095.7
98, 1095.89
99, 1095.49
100, 1095.36
101, 1095.51
102, 1095.41
103, 1096.09
104, 1096.05
105, 1096.24
106, 1096.22
107, 1097.07
108, 1098.48
109, 1099.64
110, 1098.98
111, 1099.02
112, 1100.24
113, 1101.33
114, 1101.69
115, 1101.1
116, 1100.75
117, 1100.78
118, 1101.18
119, 1101.79
120, 1102.95
121, 1103.7
122, 1104.02
123, 1104.46
124, 1104.46
125, 1103.73
126, 1103.91
127, 1104.85
128, 1106
129, 1105.67
130, 1107.17
131, 1115.29
132, 1125.06
133, 1130.08
134, 1133.47
135, 1140.75
136, 1145.78
137, 1147.89
138, 1147.22
139, 1147.25
140, 1151.31
141, 1153.19
142, 1153.54
143, 1152.03
144, 1151.76
145, 1157
1, 405.841
2, 403.713
3, 403.226
4, 402.481
5, 404.763
6, 396.939
7, 396.036
8, 395.012
9, 394.418
10, 393.652
11, 393.345
12, 755.253
13, 924.174
14, 1024.2
15, 1091.6
16, 1135.54
17, 1164.13
18, 1184.21
19, 1198.32
20, 1207.75
21, 1214.57
22, 1219.61
23, 1221.06
24, 1218.47
25, 1207.06
26, 1189.49
27, 1166.74
28, 1142.48
29, 1114.16
30, 1090.84
31, 1046.99
32, 988.241
33, 984.639
34, 970.025
35, 945.149
36, 935.961
37, 937.776
38, 951.86
39, 955.021
40, 959.967
41, 966.656
42, 976.703
43, 990.323
44, 1024.18
45, 1059.07
46, 1080.02
47, 1093.95
48, 1107.31
49, 1123.21
50, 1146.2
51, 1164.06
52, 1177.09
53, 1186.89
54, 1193.75
55, 1201.81
56, 1207.86
57, 1210.83
58, 1212.95
59, 1214.58
60, 1213.71
61, 1212.98
62, 1213.75
63, 1214.6
64, 1214.68
65, 1215.33
66, 1217.53
67, 1217.76
68, 1218.04
69, 1219.31
70, 1220.29
71, 1221.04
72, 1222.29
73, 1224.22
74, 1224.57
75, 1225.33
76, 1227.26
77, 1230.12
78, 1234.15
79, 1237.95
80, 1241.19
81, 1244.33
82, 1246.62
83, 1248.1
84, 1249.19
85, 1250.22
86, 1252.23
87, 1254.65
88, 1255.71
89, 1256.62
90, 1256.69
91, 1257.43
92, 1258.14
93, 1258.55
94, 1258.26
95, 1257.68
96, 1257.88
97, 1258.62
98, 1260.12
99, 1261.05
100, 1262.61
101, 1263.23
102, 1264.74
103, 1265.33
104, 1265.59
105, 1266.15
106, 1267.31
107, 1269.16
108, 1271.08
109, 1272.81
110, 1273.8
111, 1274
112, 1273.95
113, 1274.02
114, 1274.26
115, 1274.92
116, 1275.17
117, 1276.71
118, 1277.75
119, 1277.58
120, 1277.4
121, 1277.71
122, 1277.98
123, 1279.03
124, 1280.33
125, 1280.51
126, 1280.08
127, 1279.66
128, 1279.65
129, 1279.96
130, 1281.42
131, 1285.1
132, 1289.33
133, 1291.86
134, 1293.72
135, 1296.7
136, 1297.38
137, 1299
138, 1301.1
139, 1302.71
140, 1305.08
141, 1305.91
142, 1306.76
143, 1307.76
144, 1308.84
145, 1311.86
1, 437.049
2, 435.063
3, 435.177
4, 435.535
5, 438.076
6, 430.517
7, 429.653
8, 428.883
9, 428.047
10, 427.311
11, 427.211
12, 829.212
13, 1014.86
14, 1106.36
15, 1156.94
16, 1189.18
17, 1208.58
18, 1239.68
19, 1274.19
20, 1261.04
21, 1230.22
22, 1215.86
23, 1256.13
24, 1171.84
25, 1039.41
26, 1000.75
27, 985.441
28, 976.225
29, 972.812
30, 973.149
31, 1020.19
32, 1105.65
33, 1166.87
34, 1206.97
35, 1234.18
36, 1254.41
37, 1269.88
38, 1283.41
39, 1296.26
40, 1305.98
41, 1313.04
42, 1319.87
43, 1326.76
44, 1332.97
45, 1338.25
46, 1342.95
47, 1348.19
48, 1354.17
49, 1358.4
50, 1362.47
51, 1366.75
52, 1371.15
53, 1375.58
54, 1378.67
55, 1382.32
56, 1385.78
57, 1387.28
58, 1388.47
59, 1389.26
60, 1389.13
61, 1389.58
62, 1391.54
63, 1393.24
64, 1393.35
65, 1394.43
66, 1396.49
67, 1396.42
68, 1396.52
69, 1397.01
70, 1397.91
71, 1399.49
72, 1400.87
73, 1402.01
74, 1401.44
75, 1402.56
76, 1404.82
77, 1408.6
78, 1412.97
79, 1417.22
80, 1420.85
81, 1424.41
82, 1426.87
83, 1428.26
84, 1428.8
85, 1429.64
86, 1432.08
87, 1434.74
88, 1435.83
89, 1436.76
90, 1436.78
91, 1437.61
92, 1438.42
93, 1438.61
94, 1437.84
95, 1437.31
96, 1437.33
97, 1437.99
98, 1439.13
99, 1440
100, 1440.99
101, 1441.43
102, 1442.47
103, 1443.13
104, 1443.19
105, 1443.47
106, 1444.69
107, 1446.21
108, 1447.9
109, 1449.04
110, 1449.81
111, 1449.63
112, 1449.69
113, 1449.45
114, 1449.47
115, 1450.01
116, 1450.1
117, 1451.22
118, 1451.94
119, 1451.59
120, 1451.43
121, 1451.68
122, 1452.43
123, 1453.28
124, 1453.87
125, 1453.26
126, 1453.18
127, 1452.56
128, 1452.74
129, 1452.86
130, 1454.29
131, 1456.23
132, 1459.6
133, 1462.97
134, 1465.65
135, 1468.26
136, 1468.47
137, 1469.89
138, 1472.27
139, 1474.12
140, 1475.3
141, 1475.74
142, 1476.21
143, 1477.92
144, 1479.28
145, 1481.16
1, 388.293
2, 386.118
3, 385.248
4, 384.54
5, 389.767
6, 377.288
7, 376.218
8, 375.666
9, 375.057
10, 374.682
11, 374.526
12, 727.152
13, 893.002
14, 994.561
15, 1056.77
16, 1094.99
17, 1114.09
18, 1142.85
19, 1161.4
20, 1150.92
21, 1133.99
22, 1122.03
23, 1097.64
24, 1102.34
25, 1107.49
26, 1121.7
27, 1136.58
28, 1148.7
29, 1159.49
30, 1167.21
31, 1172.06
32, 1175.45
33, 1179.91
34, 1184.14
35, 1188.33
36, 1192.48
37, 1196.21
38, 1200.74
39, 1206.32
40, 1209.7
41, 1211.4
42, 1212.95
43, 1214.58
44, 1216.24
45, 1217.17
46, 1217.21
47, 1217.84
48, 1219.05
49, 1219.75
50, 1220.38
51, 1220.69
52, 1221.34
53, 1222.36
54, 1223.25
55, 1225.7
56, 1228.32
57, 1229.4
58, 1230.03
59, 1230
60, 1229.39
61, 1229.63
62, 1230.63
63, 1230.65
64, 1230.04
65, 1230.36
66, 1230.83
67, 1229.89
68, 1229.55
69, 1230.03
70, 1231.98
71, 1234.36
72, 1236.4
73, 1237.12
74, 1236.82
75, 1237.4
76, 1239.46
77, 1242.25
78, 1245.57
79, 1248.47
80, 1251.03
81, 1253.63
82, 1255.06
83, 1254.88
84, 1254.5
85, 1254.74
86, 1256.9
87, 1259.15
88, 1260.18
89, 1260.87
90, 1261.23
91, 1262.56
92, 1263.77
93, 1264.12
94, 1263.11
95, 1262.39
96, 1262.28
97, 1263.07
98, 1264.09
99, 1265.21
100, 1266.55
101, 1267.42
102, 1268.37
103, 1268.96
104, 1268.69
105, 1268.85
106, 1269.88
107, 1271.95
108, 1273.88
109, 1274.82
110, 1275.74
111, 1275.15
112, 1274.87
113, 1275.05
114, 1275.54
115, 1276.29
116, 1276.79
117, 1278.01
118, 1278.19
119, 1277.57
120, 1277.28
121, 1277.69
122, 1278.46
123, 1279.52
124, 1280.32
125, 1280.35
126, 1279.64
127, 1278.5
128, 1279.35
129, 1279.55
130, 1280.94
131, 1283.49
132, 1287.4
133, 1291.17
134, 1295.1
135, 1297.62
136, 1298.13
137, 1299.51
138, 1301.93
139, 1303.59
140, 1304.97
141, 1305.25
142, 1305.61
143, 1307.23
144, 1308.53
145, 1309.83
1, 407.478
2, 405.656
3, 405.111
4, 404.805
5, 409.761
6, 396.459
7, 395.527
8, 394.704
9, 393.967
10, 393.498
11, 393.546
12, 784.097
13, 939.813
14, 1017.76
15, 1058.01
16, 1072.25
17, 1084.72
18, 1040.23
19, 943.759
20, 880.994
21, 874.868
22, 887.646
23, 957.633
24, 1017.45
25, 1068.87
26, 1113.58
27, 1151.49
28, 1180.62
29, 1197.98
30, 1198.89
31, 1186.98
32, 1166.74
33, 1145.87
34, 1129.3
35, 1119.09
36, 1113.46
37, 1111.28
38, 1113.82
39, 1122.01
40, 1126.93
41, 1126.69
42, 1125.52
43, 1124.56
44, 1127.11
45, 1126.35
46, 1122.97
47, 1121.91
48, 1123.27
49, 1124.19
50, 1125.16
51, 1125.68
52, 1128.27
53, 1130.83
54, 1134.04
55, 1141.04
56, 1147.57
57, 1149.72
58, 1149.03
59, 1146.78
60, 1144.22
61, 1142.02
62, 1140.82
63, 1138.33
64, 1135.05
65, 1133.67
66, 1133.78
67, 1130.05
68, 1128.4
69, 1128.26
70, 1129.54
71, 1131.28
72, 1133.18
73, 1134.28
74, 1133.71
75, 1134.76
76, 1140.13
77, 1148.31
78, 1155.28
79, 1161.59
80, 1168.6
81, 1173.69
82, 1175.55
83, 1172.79
84, 1170.49
85, 1171.72
86, 1177.24
87, 1183.58
88, 1186.53
89, 1186.89
90, 1188.23
91, 1192.41
92, 1196.76
93, 1195.34
94, 1189.03
95, 1184.68
96, 1184.96
97, 1186.24
98, 1189.63
99, 1194.68
100, 1200.7
101, 1205.74
102, 1208.92
103, 1208.77
104, 1207.11
105, 1206.1
106, 1209.96
107, 1217.73
108, 1224.84
109, 1230.4
110, 1233.19
111, 1230.44
112, 1226.37
113, 1226.51
114, 1229.93
115, 1233.6
116, 1236.89
117, 1240.68
118, 1239.11
119, 1232.28
120, 1230.01
121, 1231.49
122, 1234.11
123, 1238.76
124, 1242.45
125, 1239.87
126, 1233.62
127, 1230.07
128, 1232.3
129, 1234.23
130, 1237.29
131, 1244.49
132, 1255.08
133, 1268.95
134, 1282.16
135, 1288.28
136, 1287.1
137, 1290.01
138, 1296.54
139, 1303.23
140, 1304.03
141, 1300.18
142, 1299.71
143, 1304.98
144, 1310.75
145, 1311.61
1, 353.364
2, 351.262
3, 349.794
4, 348.871
5, 354.868
6, 340.272
7, 339.798
8, 339.219
9, 338.818
10, 338.576
11, 338.494
12, 667.168
13, 731.666
14, 736.58
15, 734.023
16, 733.455
17, 737.017
18, 739.939
19, 755.649
20, 773.009
21, 781.109
22, 788.123
23, 785.919
24, 783.782
25, 788.963
26, 792.313
27, 792.989
28, 791.86
29, 785.046
30, 783.642
31, 787.044
32, 790.348
33, 792.884
34, 793.85
35, 795.284
36, 796.19
37, 796.798
38, 799.115
39, 802.274
40, 801.262
41, 801.004
42, 797.313
43, 797.267
44, 799.212
45, 799.116
46, 798.822
47, 800.06
48, 801.128
49, 801.695
50, 802.481
51, 803.054
52, 804.208
53, 804.651
54, 806.237
55, 809.539
56, 808.662
57, 807.411
58, 806.502
59, 807.207
60, 808.93
61, 809.622
62, 810.536
63, 810.904
64, 811.2
65, 811.648
66, 813.051
67, 813.28
68, 814.661
69, 815.669
70, 816.688
71, 817.178
72, 818.512
73, 820.105
74, 820.62
75, 823.328
76, 827.518
77, 829.434
78, 830.536
79, 832.97
80, 835.107
81, 834.608
82, 834.742
83, 834.979
84, 837.709
85, 839.756
86, 842.826
87, 844.129
88, 844.088
89, 843.643
90, 846.314
91, 848.994
92, 849.775
93, 847.482
94, 846.867
95, 849.945
96, 852.792
97, 854.18
98, 857.611
99, 859.446
100, 861.368
101, 862.187
102, 863.425
103, 864.156
104, 864.314
105, 866.141
106, 870.546
107, 876.305
108, 877.734
109, 879.97
110, 879.561
111, 875.879
112, 876.163
113, 881.659
114, 886.193
115, 888.941
116, 889.894
117, 893.818
118, 890.762
119, 888.175
120, 892.554
121, 896.614
122, 899.427
123, 903.845
124, 905.247
125, 901.86
126, 901.117
127, 904.04
128, 908.148
129, 909.664
130, 918.639
131, 934.052
132, 941.563
133, 946.892
134, 951.165
135, 947.154
136, 942.275
137, 949.649
138, 956.277
139, 960.632
140, 955.453
141, 952.369
142, 958.024
143, 964.567
144, 969.482
145, 967.636
"Image Plane", "Average Intensity"
1, 557.598
2, 557.937
3, 558.247
4, 558.267
5, 558.275
6, 558.404
7, 558.402
8, 558.413
9, 558.535
10, 558.515
1, 543.757
2, 543.691
3, 543.793
4, 543.748
5, 543.759
6, 543.765
7, 543.783
8, 543.798
9, 543.797
10, 543.69
1, 604.069
2, 604.295
3, 604.354
4, 604.24
5, 604.365
6, 604.266
7, 604.313
8, 604.332
9, 604.356
10, 604.199
1, 540.07
2, 540.008
3, 540.172
4, 540.112
5, 540.251
6, 540.124
7, 540.045
8, 540.123
9, 540.157
10, 539.905
1, 528.007
2, 527.891
3, 527.964
4, 528.012
5, 527.918
6, 527.971
7, 527.955
8, 527.943
9, 527.839
10, 527.684
1, 479.468
2, 479.566
3, 479.445
4, 479.44
5, 479.445
6, 479.441
7, 479.427
8, 479.435
9, 479.491
10, 479.3
"Image Plane", "Average Intensity"
1, 1225.45
2, 1224.18
3, 1224.09
4, 1223.98
5, 1223.75
6, 1223.75
7, 1223.71
8, 1223.36
9, 1223.3
10, 1223.4
1, 1134.49
2, 1147.03
3, 1158.59
4, 1168.95
5, 1178.42
6, 1187.24
7, 1195.05
8, 1202.39
9, 1209.39
10, 1216.2
1, 1362.21
2, 1362.26
3, 1362.22
4, 1362.16
5, 1362.01
6, 1361.75
7, 1361.85
8, 1361.72
9, 1361.6
10, 1361.69
1, 1180.04
2, 1180.25
3, 1180.37
4, 1179.85
5, 1180.34
6, 1179.49
7, 1180.04
8, 1180.1
9, 1179.82
10, 1180.21
1, 1147.11
2, 1147.96
3, 1147.87
4, 1147.5
5, 1147.94
6, 1147.62
7, 1147.71
8, 1148.8
9, 1149.01
10, 1147.97
1, 1010.91
2, 1011.02
3, 1011.36
4, 1011.36
5, 1011.3
6, 1011.22
7, 1011.46
8, 1011.37
9, 1011.46
10, 1011.38